<?xml version="1.0" encoding="UTF-8"?>
<!-- Generated by org.testng.reporters.JUnitReportReporter -->
<testsuite hostname="Jenifer_041" failures="0" tests="4" name="Login_Test.dataprovider_login" time="91.024" errors="0" timestamp="2022-09-02T12:58:42 IST" skipped="0">
  <testcase classname="Login_Test.dataprovider_login" name="bothcorrect_uname_password" time="17.971"/>
  <system-out/>
  <testcase classname="Login_Test.dataprovider_login" name="bothcorrect_uname_password" time="24.648"/>
  <system-out/>
  <testcase classname="Login_Test.dataprovider_login" name="bothcorrect_uname_password" time="19.761"/>
  <system-out/>
  <testcase classname="Login_Test.dataprovider_login" name="bothcorrect_uname_password" time="28.644"/>
  <system-out/>
</testsuite> <!-- Login_Test.dataprovider_login -->
