<?xml version="1.0" encoding="UTF-8"?>
<!-- Generated by org.testng.reporters.JUnitReportReporter -->
<testsuite hostname="Jenifer_041" failures="0" tests="1" name="Login_Test.upasswordcorrect" time="20.545" errors="0" timestamp="2022-08-18T11:07:07 IST" skipped="0">
  <testcase classname="Login_Test.upasswordcorrect" name="wrong_uname_correct_password" time="20.545"/>
  <system-out/>
</testsuite> <!-- Login_Test.upasswordcorrect -->
